# JRE version: Java(TM) SE Runtime Environment (8.0_231-b11) (build 1.8.0_231-b11)
# Java VM: Java HotSpot(TM) 64-Bit Server VM (25.231-b11 mixed mode linux-amd64 compressed oops)
Heap:
 PSYoungGen      total 246272K, used 29350K [0x00000000d7000000, 0x00000000e7d00000, 0x0000000100000000)
  eden space 227840K, 4% used [0x00000000d7000000,0x00000000d7aae688,0x00000000e4e80000)
  from space 18432K, 99% used [0x00000000e6b00000,0x00000000e7cfb4f0,0x00000000e7d00000)
  to   space 23552K, 0% used [0x00000000e4f00000,0x00000000e4f00000,0x00000000e6600000)
 ParOldGen       total 131072K, used 35560K [0x0000000085000000, 0x000000008d000000, 0x00000000d7000000)
  object space 131072K, 27% used [0x0000000085000000,0x00000000872ba190,0x000000008d000000)
 Metaspace       used 65102K, capacity 69164K, committed 69504K, reserved 1110016K
  class space    used 8844K, capacity 9516K, committed 9600K, reserved 1048576K
GC Heap History (10 events):
Event: 4.264 GC heap before
{Heap before GC invocations=11 (full 2):
 PSYoungGen      total 162816K, used 9192K [0x00000000d7000000, 0x00000000e4680000, 0x0000000100000000)
  eden space 153600K, 0% used [0x00000000d7000000,0x00000000d7000000,0x00000000e0600000)
  from space 9216K, 99% used [0x00000000e0600000,0x00000000e0efa258,0x00000000e0f00000)
  to   space 11264K, 0% used [0x00000000e3b80000,0x00000000e3b80000,0x00000000e4680000)
 ParOldGen       total 51712K, used 7369K [0x0000000085000000, 0x0000000088280000, 0x00000000d7000000)
  object space 51712K, 14% used [0x0000000085000000,0x0000000085732518,0x0000000088280000)
 Metaspace       used 32909K, capacity 35284K, committed 35456K, reserved 1079296K
  class space    used 4429K, capacity 4876K, committed 4992K, reserved 1048576K
Event: 4.330 GC heap after
Heap after GC invocations=11 (full 2):
 PSYoungGen      total 162816K, used 0K [0x00000000d7000000, 0x00000000e4680000, 0x0000000100000000)
  eden space 153600K, 0% used [0x00000000d7000000,0x00000000d7000000,0x00000000e0600000)
  from space 9216K, 0% used [0x00000000e0600000,0x00000000e0600000,0x00000000e0f00000)
  to   space 11264K, 0% used [0x00000000e3b80000,0x00000000e3b80000,0x00000000e4680000)
 ParOldGen       total 86528K, used 15201K [0x0000000085000000, 0x000000008a480000, 0x00000000d7000000)
  object space 86528K, 17% used [0x0000000085000000,0x0000000085ed8508,0x000000008a480000)
 Metaspace       used 32909K, capacity 35284K, committed 35456K, reserved 1079296K
  class space    used 4429K, capacity 4876K, committed 4992K, reserved 1048576K
}
Event: 5.525 GC heap before
{Heap before GC invocations=12 (full 2):
 PSYoungGen      total 162816K, used 153600K [0x00000000d7000000, 0x00000000e4680000, 0x0000000100000000)
  eden space 153600K, 100% used [0x00000000d7000000,0x00000000e0600000,0x00000000e0600000)
  from space 9216K, 0% used [0x00000000e0600000,0x00000000e0600000,0x00000000e0f00000)
  to   space 11264K, 0% used [0x00000000e3b80000,0x00000000e3b80000,0x00000000e4680000)
 ParOldGen       total 86528K, used 15201K [0x0000000085000000, 0x000000008a480000, 0x00000000d7000000)
  object space 86528K, 17% used [0x0000000085000000,0x0000000085ed8508,0x000000008a480000)
 Metaspace       used 41797K, capacity 44588K, committed 44800K, reserved 1087488K
  class space    used 5607K, capacity 6076K, committed 6144K, reserved 1048576K
Event: 5.538 GC heap after
Heap after GC invocations=12 (full 2):
 PSYoungGen      total 203264K, used 11250K [0x00000000d7000000, 0x00000000e4680000, 0x0000000100000000)
  eden space 192000K, 0% used [0x00000000d7000000,0x00000000d7000000,0x00000000e2b80000)
  from space 11264K, 99% used [0x00000000e3b80000,0x00000000e467c9a8,0x00000000e4680000)
  to   space 13312K, 0% used [0x00000000e2c80000,0x00000000e2c80000,0x00000000e3980000)
 ParOldGen       total 86528K, used 17255K [0x0000000085000000, 0x000000008a480000, 0x00000000d7000000)
  object space 86528K, 19% used [0x0000000085000000,0x00000000860d9c70,0x000000008a480000)
 Metaspace       used 41797K, capacity 44588K, committed 44800K, reserved 1087488K
  class space    used 5607K, capacity 6076K, committed 6144K, reserved 1048576K
}
Event: 7.404 GC heap before
{Heap before GC invocations=13 (full 2):
 PSYoungGen      total 203264K, used 179760K [0x00000000d7000000, 0x00000000e4680000, 0x0000000100000000)
  eden space 192000K, 87% used [0x00000000d7000000,0x00000000e148f818,0x00000000e2b80000)
  from space 11264K, 99% used [0x00000000e3b80000,0x00000000e467c9a8,0x00000000e4680000)
  to   space 13312K, 0% used [0x00000000e2c80000,0x00000000e2c80000,0x00000000e3980000)
 ParOldGen       total 86528K, used 17255K [0x0000000085000000, 0x000000008a480000, 0x00000000d7000000)
  object space 86528K, 19% used [0x0000000085000000,0x00000000860d9c70,0x000000008a480000)
 Metaspace       used 55581K, capacity 59062K, committed 59096K, reserved 1099776K
  class space    used 7715K, capacity 8311K, committed 8320K, reserved 1048576K
Event: 7.431 GC heap after
Heap after GC invocations=13 (full 2):
 PSYoungGen      total 206336K, used 13310K [0x00000000d7000000, 0x00000000e7d00000, 0x0000000100000000)
  eden space 193024K, 0% used [0x00000000d7000000,0x00000000d7000000,0x00000000e2c80000)
  from space 13312K, 99% used [0x00000000e2c80000,0x00000000e397f830,0x00000000e3980000)
  to   space 18432K, 0% used [0x00000000e6b00000,0x00000000e6b00000,0x00000000e7d00000)
 ParOldGen       total 86528K, used 25998K [0x0000000085000000, 0x000000008a480000, 0x00000000d7000000)
  object space 86528K, 30% used [0x0000000085000000,0x0000000086963878,0x000000008a480000)
 Metaspace       used 55581K, capacity 59062K, committed 59096K, reserved 1099776K
  class space    used 7715K, capacity 8311K, committed 8320K, reserved 1048576K
}
Event: 7.431 GC heap before
{Heap before GC invocations=14 (full 3):
 PSYoungGen      total 206336K, used 13310K [0x00000000d7000000, 0x00000000e7d00000, 0x0000000100000000)
  eden space 193024K, 0% used [0x00000000d7000000,0x00000000d7000000,0x00000000e2c80000)
  from space 13312K, 99% used [0x00000000e2c80000,0x00000000e397f830,0x00000000e3980000)
  to   space 18432K, 0% used [0x00000000e6b00000,0x00000000e6b00000,0x00000000e7d00000)
 ParOldGen       total 86528K, used 25998K [0x0000000085000000, 0x000000008a480000, 0x00000000d7000000)
  object space 86528K, 30% used [0x0000000085000000,0x0000000086963878,0x000000008a480000)
 Metaspace       used 55581K, capacity 59062K, committed 59096K, reserved 1099776K
  class space    used 7715K, capacity 8311K, committed 8320K, reserved 1048576K
Event: 7.562 GC heap after
Heap after GC invocations=14 (full 3):
 PSYoungGen      total 206336K, used 0K [0x00000000d7000000, 0x00000000e7d00000, 0x0000000100000000)
  eden space 193024K, 0% used [0x00000000d7000000,0x00000000d7000000,0x00000000e2c80000)
  from space 13312K, 0% used [0x00000000e2c80000,0x00000000e2c80000,0x00000000e3980000)
  to   space 18432K, 0% used [0x00000000e6b00000,0x00000000e6b00000,0x00000000e7d00000)
 ParOldGen       total 131072K, used 29717K [0x0000000085000000, 0x000000008d000000, 0x00000000d7000000)
  object space 131072K, 22% used [0x0000000085000000,0x0000000086d056c8,0x000000008d000000)
 Metaspace       used 55581K, capacity 59062K, committed 59096K, reserved 1099776K
  class space    used 7715K, capacity 8311K, committed 8320K, reserved 1048576K
}
Event: 18.128 GC heap before
{Heap before GC invocations=15 (full 3):
 PSYoungGen      total 206336K, used 192079K [0x00000000d7000000, 0x00000000e7d00000, 0x0000000100000000)
  eden space 193024K, 99% used [0x00000000d7000000,0x00000000e2b93f98,0x00000000e2c80000)
  from space 13312K, 0% used [0x00000000e2c80000,0x00000000e2c80000,0x00000000e3980000)
  to   space 18432K, 0% used [0x00000000e6b00000,0x00000000e6b00000,0x00000000e7d00000)
 ParOldGen       total 131072K, used 29717K [0x0000000085000000, 0x000000008d000000, 0x00000000d7000000)
  object space 131072K, 22% used [0x0000000085000000,0x0000000086d056c8,0x000000008d000000)
 Metaspace       used 65102K, capacity 69164K, committed 69504K, reserved 1110016K
  class space    used 8844K, capacity 9516K, committed 9600K, reserved 1048576K
Event: 18.145 GC heap after
Heap after GC invocations=15 (full 3):
 PSYoungGen      total 246272K, used 18413K [0x00000000d7000000, 0x00000000e7d00000, 0x0000000100000000)
  eden space 227840K, 0% used [0x00000000d7000000,0x00000000d7000000,0x00000000e4e80000)
  from space 18432K, 99% used [0x00000000e6b00000,0x00000000e7cfb4f0,0x00000000e7d00000)
  to   space 23552K, 0% used [0x00000000e4f00000,0x00000000e4f00000,0x00000000e6600000)
 ParOldGen       total 131072K, used 35560K [0x0000000085000000, 0x000000008d000000, 0x00000000d7000000)
  object space 131072K, 27% used [0x0000000085000000,0x00000000872ba190,0x000000008d000000)
 Metaspace       used 65102K, capacity 69164K, committed 69504K, reserved 1110016K
  class space    used 8844K, capacity 9516K, committed 9600K, reserved 1048576K
}

