# JRE version: Java(TM) SE Runtime Environment (8.0_231-b11) (build 1.8.0_231-b11)
# Java VM: Java HotSpot(TM) 64-Bit Server VM (25.231-b11 mixed mode linux-amd64 compressed oops)
Heap:
 PSYoungGen      total 201728K, used 194555K [0x00000000d7000000, 0x00000000e3b00000, 0x0000000100000000)
  eden space 196096K, 98% used [0x00000000d7000000,0x00000000e2d50288,0x00000000e2f80000)
  from space 5632K, 12% used [0x00000000e2f80000,0x00000000e302eac0,0x00000000e3500000)
  to   space 5632K, 0% used [0x00000000e3580000,0x00000000e3580000,0x00000000e3b00000)
 ParOldGen       total 226304K, used 71404K [0x0000000085000000, 0x0000000092d00000, 0x00000000d7000000)
  object space 226304K, 31% used [0x0000000085000000,0x00000000895bb390,0x0000000092d00000)
 Metaspace       used 67202K, capacity 71182K, committed 71552K, reserved 1112064K
  class space    used 8842K, capacity 9493K, committed 9600K, reserved 1048576K
GC Heap History (10 events):
Event: 8229.365 GC heap before
{Heap before GC invocations=677 (full 6):
 PSYoungGen      total 200192K, used 196345K [0x00000000d7000000, 0x00000000e3800000, 0x0000000100000000)
  eden space 195584K, 100% used [0x00000000d7000000,0x00000000e2f00000,0x00000000e2f00000)
  from space 4608K, 16% used [0x00000000e3380000,0x00000000e343e530,0x00000000e3800000)
  to   space 4608K, 0% used [0x00000000e2f00000,0x00000000e2f00000,0x00000000e3380000)
 ParOldGen       total 226304K, used 71276K [0x0000000085000000, 0x0000000092d00000, 0x00000000d7000000)
  object space 226304K, 31% used [0x0000000085000000,0x000000008959b390,0x0000000092d00000)
 Metaspace       used 67202K, capacity 71182K, committed 71552K, reserved 1112064K
  class space    used 8842K, capacity 9493K, committed 9600K, reserved 1048576K
Event: 8229.367 GC heap after
Heap after GC invocations=677 (full 6):
 PSYoungGen      total 200192K, used 868K [0x00000000d7000000, 0x00000000e3880000, 0x0000000100000000)
  eden space 195584K, 0% used [0x00000000d7000000,0x00000000d7000000,0x00000000e2f00000)
  from space 4608K, 18% used [0x00000000e2f00000,0x00000000e2fd9118,0x00000000e3380000)
  to   space 4608K, 0% used [0x00000000e3400000,0x00000000e3400000,0x00000000e3880000)
 ParOldGen       total 226304K, used 71292K [0x0000000085000000, 0x0000000092d00000, 0x00000000d7000000)
  object space 226304K, 31% used [0x0000000085000000,0x000000008959f390,0x0000000092d00000)
 Metaspace       used 67202K, capacity 71182K, committed 71552K, reserved 1112064K
  class space    used 8842K, capacity 9493K, committed 9600K, reserved 1048576K
}
Event: 8251.747 GC heap before
{Heap before GC invocations=678 (full 6):
 PSYoungGen      total 200192K, used 195305K [0x00000000d7000000, 0x00000000e3880000, 0x0000000100000000)
  eden space 195584K, 99% used [0x00000000d7000000,0x00000000e2de16b0,0x00000000e2f00000)
  from space 4608K, 18% used [0x00000000e2f00000,0x00000000e2fd9118,0x00000000e3380000)
  to   space 4608K, 0% used [0x00000000e3400000,0x00000000e3400000,0x00000000e3880000)
 ParOldGen       total 226304K, used 71292K [0x0000000085000000, 0x0000000092d00000, 0x00000000d7000000)
  object space 226304K, 31% used [0x0000000085000000,0x000000008959f390,0x0000000092d00000)
 Metaspace       used 67202K, capacity 71182K, committed 71552K, reserved 1112064K
  class space    used 8842K, capacity 9493K, committed 9600K, reserved 1048576K
Event: 8251.750 GC heap after
Heap after GC invocations=678 (full 6):
 PSYoungGen      total 200192K, used 4122K [0x00000000d7000000, 0x00000000e3980000, 0x0000000100000000)
  eden space 195584K, 0% used [0x00000000d7000000,0x00000000d7000000,0x00000000e2f00000)
  from space 4608K, 89% used [0x00000000e3400000,0x00000000e38069c0,0x00000000e3880000)
  to   space 5120K, 0% used [0x00000000e2f00000,0x00000000e2f00000,0x00000000e3400000)
 ParOldGen       total 226304K, used 71316K [0x0000000085000000, 0x0000000092d00000, 0x00000000d7000000)
  object space 226304K, 31% used [0x0000000085000000,0x00000000895a5390,0x0000000092d00000)
 Metaspace       used 67202K, capacity 71182K, committed 71552K, reserved 1112064K
  class space    used 8842K, capacity 9493K, committed 9600K, reserved 1048576K
}
Event: 8275.180 GC heap before
{Heap before GC invocations=679 (full 6):
 PSYoungGen      total 200192K, used 199706K [0x00000000d7000000, 0x00000000e3980000, 0x0000000100000000)
  eden space 195584K, 100% used [0x00000000d7000000,0x00000000e2f00000,0x00000000e2f00000)
  from space 4608K, 89% used [0x00000000e3400000,0x00000000e38069c0,0x00000000e3880000)
  to   space 5120K, 0% used [0x00000000e2f00000,0x00000000e2f00000,0x00000000e3400000)
 ParOldGen       total 226304K, used 71316K [0x0000000085000000, 0x0000000092d00000, 0x00000000d7000000)
  object space 226304K, 31% used [0x0000000085000000,0x00000000895a5390,0x0000000092d00000)
 Metaspace       used 67202K, capacity 71182K, committed 71552K, reserved 1112064K
  class space    used 8842K, capacity 9493K, committed 9600K, reserved 1048576K
Event: 8275.183 GC heap after
Heap after GC invocations=679 (full 6):
 PSYoungGen      total 200704K, used 4005K [0x00000000d7000000, 0x00000000e3a80000, 0x0000000100000000)
  eden space 195584K, 0% used [0x00000000d7000000,0x00000000d7000000,0x00000000e2f00000)
  from space 5120K, 78% used [0x00000000e2f00000,0x00000000e32e9598,0x00000000e3400000)
  to   space 5632K, 0% used [0x00000000e3500000,0x00000000e3500000,0x00000000e3a80000)
 ParOldGen       total 226304K, used 71348K [0x0000000085000000, 0x0000000092d00000, 0x00000000d7000000)
  object space 226304K, 31% used [0x0000000085000000,0x00000000895ad390,0x0000000092d00000)
 Metaspace       used 67202K, capacity 71182K, committed 71552K, reserved 1112064K
  class space    used 8842K, capacity 9493K, committed 9600K, reserved 1048576K
}
Event: 8306.944 GC heap before
{Heap before GC invocations=680 (full 6):
 PSYoungGen      total 200704K, used 199589K [0x00000000d7000000, 0x00000000e3a80000, 0x0000000100000000)
  eden space 195584K, 100% used [0x00000000d7000000,0x00000000e2f00000,0x00000000e2f00000)
  from space 5120K, 78% used [0x00000000e2f00000,0x00000000e32e9598,0x00000000e3400000)
  to   space 5632K, 0% used [0x00000000e3500000,0x00000000e3500000,0x00000000e3a80000)
 ParOldGen       total 226304K, used 71348K [0x0000000085000000, 0x0000000092d00000, 0x00000000d7000000)
  object space 226304K, 31% used [0x0000000085000000,0x00000000895ad390,0x0000000092d00000)
 Metaspace       used 67202K, capacity 71182K, committed 71552K, reserved 1112064K
  class space    used 8842K, capacity 9493K, committed 9600K, reserved 1048576K
Event: 8306.946 GC heap after
Heap after GC invocations=680 (full 6):
 PSYoungGen      total 201728K, used 317K [0x00000000d7000000, 0x00000000e3a80000, 0x0000000100000000)
  eden space 196096K, 0% used [0x00000000d7000000,0x00000000d7000000,0x00000000e2f80000)
  from space 5632K, 5% used [0x00000000e3500000,0x00000000e354f770,0x00000000e3a80000)
  to   space 5632K, 0% used [0x00000000e2f80000,0x00000000e2f80000,0x00000000e3500000)
 ParOldGen       total 226304K, used 71372K [0x0000000085000000, 0x0000000092d00000, 0x00000000d7000000)
  object space 226304K, 31% used [0x0000000085000000,0x00000000895b3390,0x0000000092d00000)
 Metaspace       used 67202K, capacity 71182K, committed 71552K, reserved 1112064K
  class space    used 8842K, capacity 9493K, committed 9600K, reserved 1048576K
}
Event: 8330.981 GC heap before
{Heap before GC invocations=681 (full 6):
 PSYoungGen      total 201728K, used 196413K [0x00000000d7000000, 0x00000000e3a80000, 0x0000000100000000)
  eden space 196096K, 100% used [0x00000000d7000000,0x00000000e2f80000,0x00000000e2f80000)
  from space 5632K, 5% used [0x00000000e3500000,0x00000000e354f770,0x00000000e3a80000)
  to   space 5632K, 0% used [0x00000000e2f80000,0x00000000e2f80000,0x00000000e3500000)
 ParOldGen       total 226304K, used 71372K [0x0000000085000000, 0x0000000092d00000, 0x00000000d7000000)
  object space 226304K, 31% used [0x0000000085000000,0x00000000895b3390,0x0000000092d00000)
 Metaspace       used 67202K, capacity 71182K, committed 71552K, reserved 1112064K
  class space    used 8842K, capacity 9493K, committed 9600K, reserved 1048576K
Event: 8330.983 GC heap after
Heap after GC invocations=681 (full 6):
 PSYoungGen      total 201728K, used 698K [0x00000000d7000000, 0x00000000e3b00000, 0x0000000100000000)
  eden space 196096K, 0% used [0x00000000d7000000,0x00000000d7000000,0x00000000e2f80000)
  from space 5632K, 12% used [0x00000000e2f80000,0x00000000e302eac0,0x00000000e3500000)
  to   space 5632K, 0% used [0x00000000e3580000,0x00000000e3580000,0x00000000e3b00000)
 ParOldGen       total 226304K, used 71404K [0x0000000085000000, 0x0000000092d00000, 0x00000000d7000000)
  object space 226304K, 31% used [0x0000000085000000,0x00000000895bb390,0x0000000092d00000)
 Metaspace       used 67202K, capacity 71182K, committed 71552K, reserved 1112064K
  class space    used 8842K, capacity 9493K, committed 9600K, reserved 1048576K
}

